\BOOKMARK [1][-]{section*.3}{\376\377\000L\000i\000t\000e\000r\000a\000t\000u\000r}{}% 1
\BOOKMARK [1][-]{section.1}{\376\377\000G\000r\000u\000n\000d\000l\000e\000g\000e\000n\000d\000e\000s}{}% 2
\BOOKMARK [2][-]{subsection.1.1}{\376\377\000M\000e\000n\000g\000e\000n}{section.1}% 3
\BOOKMARK [3][-]{subsubsection.1.1.1}{\376\377\000D\000e\000f\000i\000n\000i\000t\000i\000o\000n\000\040\000\050\000R\000e\000l\000a\000t\000i\000o\000n\000\051}{subsection.1.1}% 4
\BOOKMARK [3][-]{subsubsection.1.1.2}{\376\377\000B\000e\000i\000s\000p\000i\000e\000l}{subsection.1.1}% 5
\BOOKMARK [3][-]{subsubsection.1.1.3}{\376\377\000B\000e\000i\000s\000p\000i\000e\000l}{subsection.1.1}% 6
\BOOKMARK [3][-]{subsubsection.1.1.4}{\376\377\000B\000e\000i\000s\000p\000i\000e\000l}{subsection.1.1}% 7
\BOOKMARK [3][-]{subsubsection.1.1.5}{\376\377\000B\000e\000i\000s\000p\000i\000e\000l}{subsection.1.1}% 8
\BOOKMARK [3][-]{subsubsection.1.1.6}{\376\377\000B\000e\000s\000c\000h\000r\000e\000i\000b\000u\000n\000g\000\040\000\050\000G\000e\000r\000i\000c\000h\000t\000e\000t\000e\000\040\000G\000r\000a\000p\000h\000e\000n\000\051}{subsection.1.1}% 9
\BOOKMARK [3][-]{subsubsection.1.1.7}{\376\377\000B\000e\000i\000s\000p\000i\000e\000l}{subsection.1.1}% 10
\BOOKMARK [3][-]{subsubsection.1.1.8}{\376\377\000D\000e\000f\000i\000n\000i\000t\000i\000o\000n\000\040\000\050\000\304\000q\000u\000i\000v\000a\000l\000e\000n\000z\000r\000e\000l\000a\000t\000i\000o\000n\000\051}{subsection.1.1}% 11
\BOOKMARK [3][-]{subsubsection.1.1.9}{\376\377\000B\000e\000i\000s\000p\000i\000e\000l}{subsection.1.1}% 12
\BOOKMARK [3][-]{subsubsection.1.1.10}{\376\377\000B\000e\000i\000s\000p\000i\000e\000l}{subsection.1.1}% 13
\BOOKMARK [2][-]{subsection.1.2}{\376\377\000A\000b\000b\000i\000l\000d\000u\000n\000g\000e\000n}{section.1}% 14
\BOOKMARK [3][-]{subsubsection.1.2.1}{\376\377\000D\000e\000f\000i\000n\000i\000t\000i\000o\000n\000\040\000\050\000A\000b\000b\000i\000l\000d\000u\000n\000g\000e\000n\000,\000\040\000F\000u\000n\000k\000t\000i\000o\000n\000\051}{subsection.1.2}% 15
\BOOKMARK [3][-]{subsubsection.1.2.2}{\376\377\000B\000e\000m\000e\000r\000k\000u\000n\000g}{subsection.1.2}% 16
\BOOKMARK [3][-]{subsubsection.1.2.3}{\376\377\000B\000e\000i\000s\000p\000i\000e\000l\000\040\000\050\000i\000d\000e\000n\000t\000i\000s\000c\000h\000e\000\040\000A\000b\000b\000i\000l\000d\000u\000n\000g\000\051}{subsection.1.2}% 17
\BOOKMARK [3][-]{subsubsection.1.2.4}{\376\377\000B\000e\000i\000s\000p\000i\000e\000l}{subsection.1.2}% 18
\BOOKMARK [3][-]{subsubsection.1.2.5}{\376\377\000B\000e\000i\000s\000p\000i\000e\000l\000\040\000\050\000A\000S\000C\000I\000I\000-\000C\000o\000d\000e\000\051}{subsection.1.2}% 19
\BOOKMARK [3][-]{subsubsection.1.2.6}{\376\377\000D\000e\000f\000i\000n\000i\000t\000i\000o\000n\000\040\000\050\000U\000m\000k\000e\000h\000r\000a\000b\000b\000i\000l\000d\000u\000n\000g\000\051}{subsection.1.2}% 20
\BOOKMARK [3][-]{subsubsection.1.2.7}{\376\377\000B\000e\000m\000e\000r\000k\000u\000n\000g}{subsection.1.2}% 21
\BOOKMARK [3][-]{subsubsection.1.2.8}{\376\377\000K\000o\000r\000o\000l\000l\000a\000r}{subsection.1.2}% 22
\BOOKMARK [2][-]{subsection.1.3}{\376\377\000M\000a\000t\000r\000i\000z\000e\000n}{section.1}% 23
\BOOKMARK [3][-]{subsubsection.1.3.1}{\376\377\000D\000e\000f\000i\000n\000i\000t\000i\000o\000n\000\040\000\050\000M\000a\000t\000r\000i\000x\000\051}{subsection.1.3}% 24
\BOOKMARK [3][-]{subsubsection.1.3.2}{\376\377\000B\000e\000i\000s\000p\000i\000e\000l\000\040\000\050\000n\000\040\000T\000u\000p\000e\000l\000n\000,\000\040\000m\000-\000S\000p\000a\000l\000t\000e\000n\000\051}{subsection.1.3}% 25
\BOOKMARK [3][-]{subsubsection.1.3.3}{\376\377\000K\000r\000o\000n\000e\000c\000k\000e\000r\000-\000S\000y\000m\000b\000o\000l\000,\000\040\000E\000i\000n\000h\000e\000i\000t\000s\000-\000\040\000u\000n\000d\000\040\000N\000u\000l\000l\000m\000a\000t\000r\000i\000x\000e\000\051}{subsection.1.3}% 26
\BOOKMARK [3][-]{subsubsection.1.3.4}{\376\377\000B\000e\000i\000s\000p\000i\000e\000l\000\040\000\050\000D\000i\000a\000g\000o\000n\000a\000l\000-\000\040\000u\000n\000d\000\040\000D\000r\000e\000i\000e\000c\000k\000m\000a\000t\000r\000i\000z\000e\000n\000\051}{subsection.1.3}% 27
\BOOKMARK [3][-]{subsubsection.1.3.5}{\376\377\000B\000e\000m\000e\000r\000k\000u\000n\000g}{subsection.1.3}% 28
\BOOKMARK [3][-]{subsubsection.1.3.6}{\376\377\000B\000e\000i\000s\000p\000i\000e\000l}{subsection.1.3}% 29
\BOOKMARK [3][-]{subsubsection.1.3.7}{\376\377\000B\000e\000i\000s\000p\000i\000e\000l}{subsection.1.3}% 30
\BOOKMARK [3][-]{subsubsection.1.3.8}{\376\377\000B\000e\000i\000s\000p\000i\000e\000l\000\040\000\050\000R\000G\000B\000\040\000-\000\040\000R\000a\000u\000m\000\051}{subsection.1.3}% 31
\BOOKMARK [3][-]{subsubsection.1.3.9}{\376\377\000B\000e\000i\000s\000p\000i\000e\000l\000\040\000\050\000I\000n\000z\000e\000d\000e\000n\000z\000m\000a\000t\000r\000i\000x\000\051}{subsection.1.3}% 32
\BOOKMARK [3][-]{subsubsection.1.3.10}{\376\377\000S\000a\000t\000z\000\040\000\050\000R\000e\000c\000h\000e\000n\000r\000e\000g\000e\000l\000n\000\040\000f\000\374\000r\000\040\000M\000a\000t\000r\000i\000z\000e\000n\000\051}{subsection.1.3}% 33
\BOOKMARK [2][-]{subsection.1.4}{\376\377\000L\000i\000n\000e\000a\000r\000e\000\040\000G\000l\000e\000i\000c\000h\000u\000n\000g\000e\000n}{section.1}% 34
\BOOKMARK [3][-]{subsubsection.1.4.1}{\376\377\000D\000e\000f\000i\000n\000i\000t\000i\000o\000n\000\040\000\050\000l\000i\000n\000e\000a\000r\000e\000\040\000G\000l\000e\000i\000c\000h\000u\000n\000g}{subsection.1.4}% 35
\BOOKMARK [3][-]{subsubsection.1.4.2}{\376\377\000B\000e\000m\000e\000r\000k\000u\000n\000g}{subsection.1.4}% 36
\BOOKMARK [3][-]{subsubsection.1.4.3}{\376\377\000S\000a\000t\000z\000\050\000S\000u\000p\000e\000r\000p\000o\000s\000i\000t\000i\000o\000n\000s\000p\000r\000i\000n\000z\000i\000p\000\051}{subsection.1.4}% 37
\BOOKMARK [3][-]{subsubsection.1.4.4}{\376\377\000S\000a\000t\000z}{subsection.1.4}% 38
\BOOKMARK [3][-]{subsubsection.1.4.5}{\376\377\000B\000e\000i\000s\000p\000i\000e\000l}{subsection.1.4}% 39
\BOOKMARK [3][-]{subsubsection.1.4.6}{\376\377\000B\000e\000i\000s\000p\000i\000e\000l\000\040\000\050\000R\000\374\000c\000k\000w\000\344\000r\000t\000s\000-\000S\000u\000b\000s\000t\000i\000t\000u\000t\000i\000o\000n\000\051}{subsection.1.4}% 40
\BOOKMARK [3][-]{subsubsection.1.4.7}{\376\377\000B\000e\000i\000s\000p\000i\000e\000l}{subsection.1.4}% 41
\BOOKMARK [3][-]{subsubsection.1.4.8}{\376\377\000S\000a\000t\000z}{subsection.1.4}% 42
\BOOKMARK [3][-]{subsubsection.1.4.9}{\376\377\000S\000a\000t\000z}{subsection.1.4}% 43
\BOOKMARK [1][-]{section.2}{\376\377\000L\000i\000n\000e\000a\000r\000e\000\040\000R\000\344\000u\000m\000e}{}% 44
\BOOKMARK [2][-]{subsection.2.1}{\376\377\000A\000l\000g\000e\000b\000r\000a\000i\000s\000c\000h\000e\000\040\000S\000t\000r\000u\000k\000t\000u\000r\000e\000n}{section.2}% 45
\BOOKMARK [3][-]{subsubsection.2.1.1}{\376\377\000D\000e\000f\000i\000n\000i\000t\000i\000o\000n\000\040\000\050\000G\000r\000u\000p\000p\000e\000\051}{subsection.2.1}% 46
\BOOKMARK [3][-]{subsubsection.2.1.2}{\376\377\000B\000e\000m\000e\000r\000k\000u\000n\000g}{subsection.2.1}% 47
\BOOKMARK [3][-]{subsubsection.2.1.3}{\376\377\000B\000e\000m\000e\000r\000k\000u\000n\000g\000\040\000\050\000P\000o\000t\000e\000n\000z\000e\000n\000\051}{subsection.2.1}% 48
\BOOKMARK [3][-]{subsubsection.2.1.4}{\376\377\000B\000e\000i\000s\000p\000i\000e\000l}{subsection.2.1}% 49
\BOOKMARK [3][-]{subsubsection.2.1.6}{\376\377\000B\000e\000i\000s\000p\000i\000e\000l\000\040\000\050\000m\000o\000d\000u\000l\000o\000\051}{subsection.2.1}% 50
\BOOKMARK [3][-]{subsubsection.2.1.7}{\376\377\000B\000e\000i\000s\000p\000i\000e\000l\000\040\000\050\000s\000y\000m\000m\000e\000t\000r\000i\000s\000c\000h\000e\000\040\000G\000r\000u\000p\000p\000e\000\051}{subsection.2.1}% 51
\BOOKMARK [3][-]{subsubsection.2.1.8}{\376\377\000K\000o\000r\000o\000l\000l\000a\000r\000\040\000\050\000R\000e\000c\000h\000n\000e\000n\000\040\000i\000n\000\040\000G\000r\000u\000p\000p\000e\000n\000\051}{subsection.2.1}% 52
\BOOKMARK [3][-]{subsubsection.2.1.9}{\376\377\000D\000e\000f\000i\000n\000i\000t\000i\000o\000n\000\040\000\050\000K\000\366\000r\000p\000e\000r\000\051}{subsection.2.1}% 53
\BOOKMARK [3][-]{subsubsection.2.1.10}{\376\377\000B\000e\000i\000s\000p\000i\000e\000l}{subsection.2.1}% 54
\BOOKMARK [3][-]{subsubsection.2.1.11}{\376\377\000B\000e\000i\000s\000p\000i\000e\000l\000\040\000\050\000R\000e\000s\000t\000k\000l\000a\000s\000s\000e\000n\000k\000\366\000r\000p\000e\000r\000\040\000m\000o\000d\000u\000l\000o\000\040\000p\000\051}{subsection.2.1}% 55
\BOOKMARK [3][-]{subsubsection.2.1.12}{\376\377\000K\000o\000r\000o\000l\000l\000a\000r}{subsection.2.1}% 56
\BOOKMARK [3][-]{subsubsection.2.1.13}{\376\377\000B\000e\000m\000e\000r\000k\000u\000n\000g}{subsection.2.1}% 57
\BOOKMARK [3][-]{subsubsection.2.1.14}{\376\377\000B\000e\000w\000e\000i\000s}{subsection.2.1}% 58
\BOOKMARK [2][-]{subsection.2.2}{\376\377\000V\000e\000k\000t\000o\000r\000r\000\344\000u\000m\000e}{section.2}% 59
\BOOKMARK [3][-]{subsubsection.2.2.1}{\376\377\000D\000e\000f\000i\000n\000i\000t\000i\000o\000n\000\040\000\050\000l\000i\000n\000e\000a\000r\000e\000r\000\040\000R\000a\000u\000m\000,\000\040\000V\000e\000k\000t\000o\000r\000r\000a\000u\000m\000\051}{subsection.2.2}% 60
\BOOKMARK [3][-]{subsubsection.2.2.2}{\376\377\000B\000e\000i\000s\000p\000i\000e\000l}{subsection.2.2}% 61
\BOOKMARK [3][-]{subsubsection.2.2.3}{\376\377\000B\000e\000i\000s\000p\000i\000e\000l}{subsection.2.2}% 62
\BOOKMARK [3][-]{subsubsection.2.2.4}{\376\377\000B\000e\000i\000s\000p\000i\000e\000l\000\040\000\050\000L\000\366\000s\000u\000n\000g\000s\000m\000e\000n\000g\000e\000n\000\051}{subsection.2.2}% 63
\BOOKMARK [3][-]{subsubsection.2.2.5}{\376\377\000B\000e\000i\000s\000p\000i\000e\000l\000\040\000\050\000F\000u\000n\000k\000t\000i\000o\000n\000s\000r\000\344\000u\000m\000e\000\051}{subsection.2.2}% 64
\BOOKMARK [3][-]{subsubsection.2.2.6}{\376\377\000K\000o\000r\000o\000l\000l\000a\000r}{subsection.2.2}% 65
